  [1m[36m (5.0ms)[0m  [1mCREATE TABLE "schema_migrations" ("version" varchar(255) NOT NULL) [0m
  [1m[35m (8.8ms)[0m  select sqlite_version(*)
  [1m[36m (4.9ms)[0m  [1mCREATE UNIQUE INDEX "unique_schema_migrations" ON "schema_migrations" ("version")[0m
  [1m[35mActiveRecord::SchemaMigration Load (0.2ms)[0m  SELECT "schema_migrations".* FROM "schema_migrations"
Migrating to CreateInvoices (20140708151115)
  [1m[36m (0.2ms)[0m  [1mbegin transaction[0m
  [1m[35m (0.8ms)[0m  CREATE TABLE "invoices" ("id" INTEGER PRIMARY KEY AUTOINCREMENT NOT NULL, "date" datetime, "company" varchar(255), "tax" decimal, "salesperson" varchar(255), "created_at" datetime, "updated_at" datetime) 
  [1m[36mSQL (0.3ms)[0m  [1mINSERT INTO "schema_migrations" ("version") VALUES (?)[0m  [["version", "20140708151115"]]
  [1m[35m (5.2ms)[0m  commit transaction
  [1m[36mActiveRecord::SchemaMigration Load (0.1ms)[0m  [1mSELECT "schema_migrations".* FROM "schema_migrations"[0m


Started GET "/" for 127.0.0.1 at 2014-07-08 11:13:32 -0400
  [1m[36mActiveRecord::SchemaMigration Load (0.2ms)[0m  [1mSELECT "schema_migrations".* FROM "schema_migrations"[0m
Processing by Rails::WelcomeController#index as HTML
  Rendered /Users/Macintosh/.rvm/gems/ruby-2.1.1/gems/railties-4.1.0/lib/rails/templates/rails/welcome/index.html.erb (13.5ms)
Completed 200 OK in 91ms (Views: 59.8ms | ActiveRecord: 0.0ms)


Started GET "/" for 127.0.0.1 at 2014-07-08 11:13:32 -0400
Processing by Rails::WelcomeController#index as HTML
  Rendered /Users/Macintosh/.rvm/gems/ruby-2.1.1/gems/railties-4.1.0/lib/rails/templates/rails/welcome/index.html.erb (0.1ms)
Completed 200 OK in 3ms (Views: 2.3ms | ActiveRecord: 0.0ms)


Started GET "/invoice" for 127.0.0.1 at 2014-07-08 11:13:38 -0400

ActionController::RoutingError (No route matches [GET] "/invoice"):
  actionpack (4.1.0) lib/action_dispatch/middleware/debug_exceptions.rb:21:in `call'
  actionpack (4.1.0) lib/action_dispatch/middleware/show_exceptions.rb:30:in `call'
  railties (4.1.0) lib/rails/rack/logger.rb:38:in `call_app'
  railties (4.1.0) lib/rails/rack/logger.rb:20:in `block in call'
  activesupport (4.1.0) lib/active_support/tagged_logging.rb:68:in `block in tagged'
  activesupport (4.1.0) lib/active_support/tagged_logging.rb:26:in `tagged'
  activesupport (4.1.0) lib/active_support/tagged_logging.rb:68:in `tagged'
  railties (4.1.0) lib/rails/rack/logger.rb:20:in `call'
  actionpack (4.1.0) lib/action_dispatch/middleware/request_id.rb:21:in `call'
  rack (1.5.2) lib/rack/methodoverride.rb:21:in `call'
  rack (1.5.2) lib/rack/runtime.rb:17:in `call'
  activesupport (4.1.0) lib/active_support/cache/strategy/local_cache_middleware.rb:26:in `call'
  rack (1.5.2) lib/rack/lock.rb:17:in `call'
  actionpack (4.1.0) lib/action_dispatch/middleware/static.rb:64:in `call'
  rack (1.5.2) lib/rack/sendfile.rb:112:in `call'
  railties (4.1.0) lib/rails/engine.rb:514:in `call'
  railties (4.1.0) lib/rails/application.rb:144:in `call'
  rack (1.5.2) lib/rack/lock.rb:17:in `call'
  rack (1.5.2) lib/rack/content_length.rb:14:in `call'
  rack (1.5.2) lib/rack/handler/webrick.rb:60:in `service'
  /Users/Macintosh/.rvm/rubies/ruby-2.1.1/lib/ruby/2.1.0/webrick/httpserver.rb:138:in `service'
  /Users/Macintosh/.rvm/rubies/ruby-2.1.1/lib/ruby/2.1.0/webrick/httpserver.rb:94:in `run'
  /Users/Macintosh/.rvm/rubies/ruby-2.1.1/lib/ruby/2.1.0/webrick/server.rb:295:in `block in start_thread'


  Rendered /Users/Macintosh/.rvm/gems/ruby-2.1.1/gems/actionpack-4.1.0/lib/action_dispatch/middleware/templates/rescues/_trace.html.erb (1.6ms)
  Rendered /Users/Macintosh/.rvm/gems/ruby-2.1.1/gems/actionpack-4.1.0/lib/action_dispatch/middleware/templates/routes/_route.html.erb (1.7ms)
  Rendered /Users/Macintosh/.rvm/gems/ruby-2.1.1/gems/actionpack-4.1.0/lib/action_dispatch/middleware/templates/routes/_table.html.erb (46.3ms)
  Rendered /Users/Macintosh/.rvm/gems/ruby-2.1.1/gems/actionpack-4.1.0/lib/action_dispatch/middleware/templates/rescues/routing_error.html.erb within rescues/layout (99.2ms)


Started GET "/invoices" for 127.0.0.1 at 2014-07-08 11:13:45 -0400
Processing by InvoicesController#index as HTML
  [1m[35mInvoice Load (0.2ms)[0m  SELECT "invoices".* FROM "invoices"
  Rendered invoices/index.html.erb within layouts/application (2.1ms)
Completed 200 OK in 1270ms (Views: 1266.1ms | ActiveRecord: 0.2ms)


Started GET "/assets/invoices.css?body=1" for 127.0.0.1 at 2014-07-08 11:13:47 -0400


Started GET "/assets/scaffolds.css?body=1" for 127.0.0.1 at 2014-07-08 11:13:47 -0400


Started GET "/assets/application.css?body=1" for 127.0.0.1 at 2014-07-08 11:13:47 -0400


Started GET "/assets/jquery.js?body=1" for 127.0.0.1 at 2014-07-08 11:13:47 -0400


Started GET "/assets/jquery_ujs.js?body=1" for 127.0.0.1 at 2014-07-08 11:13:47 -0400


Started GET "/assets/invoices.js?body=1" for 127.0.0.1 at 2014-07-08 11:13:47 -0400


Started GET "/assets/turbolinks.js?body=1" for 127.0.0.1 at 2014-07-08 11:13:47 -0400


Started GET "/assets/application.js?body=1" for 127.0.0.1 at 2014-07-08 11:13:47 -0400


Started GET "/invoices/new" for 127.0.0.1 at 2014-07-08 11:14:13 -0400
Processing by InvoicesController#new as HTML
  Rendered invoices/_form.html.erb (82.5ms)
  Rendered invoices/new.html.erb within layouts/application (86.6ms)
Completed 200 OK in 103ms (Views: 96.3ms | ActiveRecord: 1.0ms)


Started POST "/invoices" for 127.0.0.1 at 2014-07-08 11:14:39 -0400
Processing by InvoicesController#create as HTML
  Parameters: {"utf8"=>"✓", "authenticity_token"=>"C0ZkIu8TYjEVc42fAB/1y81kxhKmxmqhEM8fephYryI=", "invoice"=>{"date(1i)"=>"2014", "date(2i)"=>"7", "date(3i)"=>"8", "date(4i)"=>"15", "date(5i)"=>"14", "company"=>"me", "tax"=>"5.7", "salesperson"=>"mark"}, "commit"=>"Create Invoice"}
  [1m[36m (0.1ms)[0m  [1mbegin transaction[0m
  [1m[35mSQL (0.6ms)[0m  INSERT INTO "invoices" ("company", "created_at", "date", "salesperson", "tax", "updated_at") VALUES (?, ?, ?, ?, ?, ?)  [["company", "me"], ["created_at", "2014-07-08 15:14:39.816077"], ["date", "2014-07-08 15:14:00.000000"], ["salesperson", "mark"], ["tax", 5.7], ["updated_at", "2014-07-08 15:14:39.816077"]]
  [1m[36m (5.0ms)[0m  [1mcommit transaction[0m
Redirected to http://localhost:3000/invoices/1
Completed 302 Found in 24ms (ActiveRecord: 5.7ms)


Started GET "/invoices/1" for 127.0.0.1 at 2014-07-08 11:14:39 -0400
Processing by InvoicesController#show as HTML
  Parameters: {"id"=>"1"}
  [1m[35mInvoice Load (0.3ms)[0m  SELECT  "invoices".* FROM "invoices"  WHERE "invoices"."id" = ? LIMIT 1  [["id", 1]]
  Rendered invoices/show.html.erb within layouts/application (1.8ms)
Completed 200 OK in 11ms (Views: 7.4ms | ActiveRecord: 0.3ms)


Started GET "/assets/scaffolds.css?body=1" for 127.0.0.1 at 2014-07-08 11:14:39 -0400


Started GET "/assets/invoices.js?body=1" for 127.0.0.1 at 2014-07-08 11:14:39 -0400


Started GET "/assets/invoices.css?body=1" for 127.0.0.1 at 2014-07-08 11:14:39 -0400


Started GET "/invoices" for 127.0.0.1 at 2014-07-08 11:14:42 -0400
Processing by InvoicesController#index as HTML
  [1m[36mInvoice Load (0.2ms)[0m  [1mSELECT "invoices".* FROM "invoices"[0m
  Rendered invoices/index.html.erb within layouts/application (3.2ms)
Completed 200 OK in 11ms (Views: 9.9ms | ActiveRecord: 0.2ms)
  [1m[36mActiveRecord::SchemaMigration Load (0.9ms)[0m  [1mSELECT "schema_migrations".* FROM "schema_migrations"[0m
  [1m[35mActiveRecord::SchemaMigration Load (0.1ms)[0m  SELECT "schema_migrations".* FROM "schema_migrations"


Started GET "/" for 127.0.0.1 at 2014-07-18 11:04:02 -0400
  [1m[36mActiveRecord::SchemaMigration Load (0.1ms)[0m  [1mSELECT "schema_migrations".* FROM "schema_migrations"[0m
Processing by Rails::WelcomeController#index as HTML
  Rendered /Users/Macintosh/.rvm/gems/ruby-2.1.1/gems/railties-4.1.0/lib/rails/templates/rails/welcome/index.html.erb (13.0ms)
Completed 200 OK in 64ms (Views: 42.8ms | ActiveRecord: 0.0ms)


Started GET "/" for 127.0.0.1 at 2014-07-18 11:08:03 -0400
Processing by InvoicesController#index as HTML
  [1m[35mInvoice Load (8.7ms)[0m  SELECT "invoices".* FROM "invoices"
  Rendered invoices/index.html.erb within layouts/application (32.8ms)
Completed 200 OK in 195ms (Views: 170.2ms | ActiveRecord: 9.0ms)


Started GET "/" for 127.0.0.1 at 2014-08-18 17:08:56 -0400
  [1m[36mActiveRecord::SchemaMigration Load (0.9ms)[0m  [1mSELECT "schema_migrations".* FROM "schema_migrations"[0m
Processing by InvoicesController#index as HTML
  [1m[35mInvoice Load (0.7ms)[0m  SELECT "invoices".* FROM "invoices"
  Rendered invoices/index.html.erb within layouts/application (12.0ms)
Completed 200 OK in 1047ms (Views: 1017.0ms | ActiveRecord: 1.0ms)


Started GET "/" for 127.0.0.1 at 2014-08-18 17:08:59 -0400
Processing by InvoicesController#index as HTML
  [1m[36mInvoice Load (0.2ms)[0m  [1mSELECT "invoices".* FROM "invoices"[0m
  Rendered invoices/index.html.erb within layouts/application (3.5ms)
Completed 200 OK in 11ms (Views: 10.0ms | ActiveRecord: 0.2ms)


Started GET "/" for 127.0.0.1 at 2014-08-18 17:09:01 -0400
Processing by InvoicesController#index as HTML
  [1m[35mInvoice Load (0.2ms)[0m  SELECT "invoices".* FROM "invoices"
  Rendered invoices/index.html.erb within layouts/application (1.7ms)
Completed 200 OK in 9ms (Views: 8.3ms | ActiveRecord: 0.2ms)


Started GET "/invoices/1" for 127.0.0.1 at 2014-08-18 17:09:02 -0400
Processing by InvoicesController#show as HTML
  Parameters: {"id"=>"1"}
  [1m[36mInvoice Load (0.4ms)[0m  [1mSELECT  "invoices".* FROM "invoices"  WHERE "invoices"."id" = ? LIMIT 1[0m  [["id", 1]]
  Rendered invoices/show.html.erb within layouts/application (2.3ms)
Completed 200 OK in 74ms (Views: 69.2ms | ActiveRecord: 0.4ms)


Started GET "/" for 127.0.0.1 at 2014-08-18 17:09:03 -0400
Processing by InvoicesController#index as HTML
  [1m[35mInvoice Load (0.3ms)[0m  SELECT "invoices".* FROM "invoices"
  Rendered invoices/index.html.erb within layouts/application (2.8ms)
Completed 200 OK in 16ms (Views: 14.4ms | ActiveRecord: 0.3ms)


Started GET "/welcome/price" for 127.0.0.1 at 2014-08-18 18:54:06 -0400

ActionController::RoutingError (No route matches [GET] "/welcome/price"):
  actionpack (4.1.0) lib/action_dispatch/middleware/debug_exceptions.rb:21:in `call'
  actionpack (4.1.0) lib/action_dispatch/middleware/show_exceptions.rb:30:in `call'
  railties (4.1.0) lib/rails/rack/logger.rb:38:in `call_app'
  railties (4.1.0) lib/rails/rack/logger.rb:20:in `block in call'
  activesupport (4.1.0) lib/active_support/tagged_logging.rb:68:in `block in tagged'
  activesupport (4.1.0) lib/active_support/tagged_logging.rb:26:in `tagged'
  activesupport (4.1.0) lib/active_support/tagged_logging.rb:68:in `tagged'
  railties (4.1.0) lib/rails/rack/logger.rb:20:in `call'
  quiet_assets (1.0.2) lib/quiet_assets.rb:18:in `call_with_quiet_assets'
  actionpack (4.1.0) lib/action_dispatch/middleware/request_id.rb:21:in `call'
  rack (1.5.2) lib/rack/methodoverride.rb:21:in `call'
  rack (1.5.2) lib/rack/runtime.rb:17:in `call'
  activesupport (4.1.0) lib/active_support/cache/strategy/local_cache_middleware.rb:26:in `call'
  rack (1.5.2) lib/rack/lock.rb:17:in `call'
  actionpack (4.1.0) lib/action_dispatch/middleware/static.rb:64:in `call'
  rack (1.5.2) lib/rack/sendfile.rb:112:in `call'
  railties (4.1.0) lib/rails/engine.rb:514:in `call'
  railties (4.1.0) lib/rails/application.rb:144:in `call'
  rack (1.5.2) lib/rack/lock.rb:17:in `call'
  rack (1.5.2) lib/rack/content_length.rb:14:in `call'
  rack (1.5.2) lib/rack/handler/webrick.rb:60:in `service'
  /Users/Macintosh/.rvm/rubies/ruby-2.1.1/lib/ruby/2.1.0/webrick/httpserver.rb:138:in `service'
  /Users/Macintosh/.rvm/rubies/ruby-2.1.1/lib/ruby/2.1.0/webrick/httpserver.rb:94:in `run'
  /Users/Macintosh/.rvm/rubies/ruby-2.1.1/lib/ruby/2.1.0/webrick/server.rb:295:in `block in start_thread'


  Rendered /Users/Macintosh/.rvm/gems/ruby-2.1.1/gems/actionpack-4.1.0/lib/action_dispatch/middleware/templates/rescues/_trace.html.erb (1.9ms)
  Rendered /Users/Macintosh/.rvm/gems/ruby-2.1.1/gems/actionpack-4.1.0/lib/action_dispatch/middleware/templates/routes/_route.html.erb (2.8ms)
  Rendered /Users/Macintosh/.rvm/gems/ruby-2.1.1/gems/actionpack-4.1.0/lib/action_dispatch/middleware/templates/routes/_table.html.erb (54.1ms)
  Rendered /Users/Macintosh/.rvm/gems/ruby-2.1.1/gems/actionpack-4.1.0/lib/action_dispatch/middleware/templates/rescues/routing_error.html.erb within rescues/layout (205.5ms)


Started GET "/welcome/pricing" for 127.0.0.1 at 2014-08-18 18:54:13 -0400
Processing by WelcomeController#pricing as HTML
  Rendered welcome/pricing.html.erb within layouts/application (0.5ms)
Completed 200 OK in 43ms (Views: 41.8ms | ActiveRecord: 0.0ms)


Started GET "/" for 127.0.0.1 at 2014-08-18 18:54:18 -0400
Processing by InvoicesController#index as HTML
  [1m[36mInvoice Load (5.0ms)[0m  [1mSELECT "invoices".* FROM "invoices"[0m
  Rendered invoices/index.html.erb within layouts/application (7.2ms)
Completed 200 OK in 75ms (Views: 69.4ms | ActiveRecord: 5.0ms)


Started GET "/" for 127.0.0.1 at 2014-08-20 20:53:11 -0400
  [1m[36mActiveRecord::SchemaMigration Load (1.4ms)[0m  [1mSELECT "schema_migrations".* FROM "schema_migrations"[0m
Processing by InvoicesController#index as HTML
  [1m[35mInvoice Load (0.7ms)[0m  SELECT "invoices".* FROM "invoices"
  Rendered invoices/index.html.erb within layouts/application (12.2ms)
Completed 200 OK in 1914ms (Views: 1894.6ms | ActiveRecord: 1.0ms)


Started GET "/" for 127.0.0.1 at 2014-08-20 20:53:21 -0400
Processing by InvoicesController#index as HTML
  [1m[36mInvoice Load (0.3ms)[0m  [1mSELECT "invoices".* FROM "invoices"[0m
  Rendered invoices/index.html.erb within layouts/application (3.3ms)
Completed 200 OK in 13ms (Views: 11.4ms | ActiveRecord: 0.3ms)


Started GET "/" for 127.0.0.1 at 2014-08-20 20:53:58 -0400
Processing by InvoicesController#index as HTML
  [1m[35mInvoice Load (0.2ms)[0m  SELECT "invoices".* FROM "invoices"
  Rendered invoices/index.html.erb within layouts/application (10.7ms)
Completed 200 OK in 22ms (Views: 20.6ms | ActiveRecord: 0.2ms)


Started GET "/" for 127.0.0.1 at 2014-08-20 20:55:21 -0400
Processing by InvoicesController#index as HTML
  [1m[36mInvoice Load (0.3ms)[0m  [1mSELECT "invoices".* FROM "invoices"[0m
  Rendered invoices/index.html.erb within layouts/application (2.6ms)
Completed 200 OK in 14ms (Views: 12.5ms | ActiveRecord: 0.3ms)


Started GET "/" for 127.0.0.1 at 2014-08-20 20:55:53 -0400
Processing by InvoicesController#index as HTML
  [1m[35mInvoice Load (0.2ms)[0m  SELECT "invoices".* FROM "invoices"
  Rendered invoices/index.html.erb within layouts/application (2.1ms)
Completed 200 OK in 11ms (Views: 10.3ms | ActiveRecord: 0.2ms)


Started GET "/" for 127.0.0.1 at 2014-08-20 20:56:44 -0400
Processing by InvoicesController#index as HTML
  [1m[36mInvoice Load (0.2ms)[0m  [1mSELECT "invoices".* FROM "invoices"[0m
  Rendered invoices/index.html.erb within layouts/application (2.0ms)
Completed 200 OK in 11ms (Views: 9.9ms | ActiveRecord: 0.2ms)


Started GET "/" for 127.0.0.1 at 2014-08-20 20:58:13 -0400
Processing by InvoicesController#index as HTML
  [1m[35mInvoice Load (0.3ms)[0m  SELECT "invoices".* FROM "invoices"
  Rendered invoices/index.html.erb within layouts/application (2.5ms)
Completed 200 OK in 12ms (Views: 11.4ms | ActiveRecord: 0.3ms)


Started GET "/" for 127.0.0.1 at 2014-08-20 20:59:07 -0400
Processing by InvoicesController#index as HTML
  [1m[36mInvoice Load (0.3ms)[0m  [1mSELECT "invoices".* FROM "invoices"[0m
  Rendered invoices/index.html.erb within layouts/application (2.3ms)
Completed 200 OK in 12ms (Views: 10.8ms | ActiveRecord: 0.3ms)


Started GET "/welcome/about" for 127.0.0.1 at 2014-08-20 20:59:09 -0400
Processing by WelcomeController#about as HTML
  Rendered welcome/about.html.erb within layouts/application (0.6ms)
Completed 200 OK in 12ms (Views: 11.2ms | ActiveRecord: 0.0ms)


Started GET "/" for 127.0.0.1 at 2014-08-20 20:59:40 -0400
Processing by InvoicesController#index as HTML
  [1m[35mInvoice Load (0.5ms)[0m  SELECT "invoices".* FROM "invoices"
  Rendered invoices/index.html.erb within layouts/application (7.9ms)
Completed 200 OK in 22ms (Views: 20.1ms | ActiveRecord: 0.5ms)


Started GET "/" for 127.0.0.1 at 2014-08-20 20:59:44 -0400
Processing by InvoicesController#index as HTML
  [1m[36mInvoice Load (0.2ms)[0m  [1mSELECT "invoices".* FROM "invoices"[0m
  Rendered invoices/index.html.erb within layouts/application (1.6ms)
Completed 200 OK in 8ms (Views: 7.5ms | ActiveRecord: 0.2ms)


Started GET "/welcome/contact" for 127.0.0.1 at 2014-08-20 20:59:44 -0400
Processing by WelcomeController#contact as HTML
  Rendered welcome/contact.html.erb within layouts/application (0.5ms)
Completed 200 OK in 14ms (Views: 13.4ms | ActiveRecord: 0.0ms)


Started GET "/welcome/about" for 127.0.0.1 at 2014-08-20 20:59:48 -0400
Processing by WelcomeController#about as HTML
  Rendered welcome/about.html.erb within layouts/application (0.1ms)
Completed 200 OK in 12ms (Views: 11.2ms | ActiveRecord: 0.0ms)


Started GET "/" for 127.0.0.1 at 2014-08-20 20:59:49 -0400
Processing by InvoicesController#index as HTML
  [1m[35mInvoice Load (0.3ms)[0m  SELECT "invoices".* FROM "invoices"
  Rendered invoices/index.html.erb within layouts/application (2.8ms)
Completed 200 OK in 15ms (Views: 13.8ms | ActiveRecord: 0.3ms)


Started GET "/" for 127.0.0.1 at 2014-08-20 21:00:11 -0400
Processing by InvoicesController#index as HTML
  [1m[36mInvoice Load (0.2ms)[0m  [1mSELECT "invoices".* FROM "invoices"[0m
  Rendered invoices/index.html.erb within layouts/application (2.4ms)
Completed 200 OK in 12ms (Views: 11.0ms | ActiveRecord: 0.2ms)


Started GET "/welcome/features" for 127.0.0.1 at 2014-08-20 21:00:12 -0400
Processing by WelcomeController#features as HTML
  Rendered welcome/features.html.erb within layouts/application (0.7ms)
Completed 200 OK in 16ms (Views: 15.4ms | ActiveRecord: 0.0ms)


Started GET "/welcome/features" for 127.0.0.1 at 2014-08-20 21:01:00 -0400
Processing by WelcomeController#features as HTML
  Rendered welcome/features.html.erb within layouts/application (0.5ms)
Completed 200 OK in 9ms (Views: 8.1ms | ActiveRecord: 0.0ms)


Started GET "/invoices" for 127.0.0.1 at 2014-08-20 21:01:01 -0400
Processing by InvoicesController#index as HTML
  [1m[35mInvoice Load (0.5ms)[0m  SELECT "invoices".* FROM "invoices"
  Rendered invoices/index.html.erb within layouts/application (3.2ms)
Completed 200 OK in 17ms (Views: 15.7ms | ActiveRecord: 0.5ms)


Started GET "/" for 127.0.0.1 at 2014-08-20 21:01:02 -0400
Processing by InvoicesController#index as HTML
  [1m[36mInvoice Load (0.2ms)[0m  [1mSELECT "invoices".* FROM "invoices"[0m
  Rendered invoices/index.html.erb within layouts/application (2.1ms)
Completed 200 OK in 13ms (Views: 11.4ms | ActiveRecord: 0.2ms)


Started GET "/welcome/about" for 127.0.0.1 at 2014-08-20 21:01:03 -0400
Processing by WelcomeController#about as HTML
  Rendered welcome/about.html.erb within layouts/application (0.1ms)
Completed 200 OK in 13ms (Views: 11.7ms | ActiveRecord: 0.0ms)


Started GET "/welcome/contact" for 127.0.0.1 at 2014-08-20 21:01:04 -0400
Processing by WelcomeController#contact as HTML
  Rendered welcome/contact.html.erb within layouts/application (0.1ms)
Completed 200 OK in 11ms (Views: 10.2ms | ActiveRecord: 0.0ms)


Started GET "/welcome/features" for 127.0.0.1 at 2014-08-20 21:01:04 -0400
Processing by WelcomeController#features as HTML
  Rendered welcome/features.html.erb within layouts/application (0.1ms)
Completed 200 OK in 11ms (Views: 10.2ms | ActiveRecord: 0.0ms)


Started GET "/welcome/faq" for 127.0.0.1 at 2014-08-20 21:01:05 -0400
Processing by WelcomeController#faq as HTML
  Rendered welcome/faq.html.erb within layouts/application (0.8ms)
Completed 200 OK in 16ms (Views: 15.0ms | ActiveRecord: 0.0ms)


Started GET "/" for 127.0.0.1 at 2014-08-20 21:01:06 -0400
Processing by InvoicesController#index as HTML
  [1m[35mInvoice Load (0.2ms)[0m  SELECT "invoices".* FROM "invoices"
  Rendered invoices/index.html.erb within layouts/application (3.0ms)
Completed 200 OK in 15ms (Views: 13.6ms | ActiveRecord: 0.2ms)


Started GET "/invoices" for 127.0.0.1 at 2014-08-20 21:01:08 -0400
Processing by InvoicesController#index as HTML
  [1m[36mInvoice Load (0.3ms)[0m  [1mSELECT "invoices".* FROM "invoices"[0m
  Rendered invoices/index.html.erb within layouts/application (2.5ms)
Completed 200 OK in 16ms (Views: 14.2ms | ActiveRecord: 0.3ms)


Started GET "/invoices" for 127.0.0.1 at 2014-08-20 21:01:34 -0400
Processing by InvoicesController#index as HTML
  [1m[35mInvoice Load (0.3ms)[0m  SELECT "invoices".* FROM "invoices"
  Rendered invoices/index.html.erb within layouts/application (2.3ms)
Completed 500 Internal Server Error in 41ms

ActionView::Template::Error (undefined local variable or method `welcome_home_path' for #<#<Class:0x007fb0bc284460>:0x007fb0ba26e900>):
    10: 
    11: <div class='container'>
    12: 	<ul class='nav nav-tabs'>
    13: 		<%= link_to "Home", welcome_home_path %>
    14: 		<%= link_to "About Us", welcome_about_path %>
    15: 		<%= link_to "Contact", welcome_contact_path %>
    16: 		<%= link_to "features", welcome_features_path %>
  app/views/layouts/application.html.erb:13:in `_app_views_layouts_application_html_erb___2260882248134363681_70198511825340'


  Rendered /Users/Macintosh/.rvm/gems/ruby-2.1.1/gems/actionpack-4.1.0/lib/action_dispatch/middleware/templates/rescues/_trace.html.erb (1.8ms)
  Rendered /Users/Macintosh/.rvm/gems/ruby-2.1.1/gems/actionpack-4.1.0/lib/action_dispatch/middleware/templates/rescues/_request_and_response.html.erb (1.2ms)
  Rendered /Users/Macintosh/.rvm/gems/ruby-2.1.1/gems/actionpack-4.1.0/lib/action_dispatch/middleware/templates/rescues/template_error.html.erb within rescues/layout (30.9ms)


Started GET "/invoices" for 127.0.0.1 at 2014-08-20 21:02:33 -0400
Processing by InvoicesController#index as HTML
  [1m[36mInvoice Load (0.4ms)[0m  [1mSELECT "invoices".* FROM "invoices"[0m
  Rendered invoices/index.html.erb within layouts/application (7.3ms)
Completed 200 OK in 17ms (Views: 13.7ms | ActiveRecord: 0.6ms)


Started GET "/" for 127.0.0.1 at 2014-08-20 21:02:34 -0400
Processing by WelcomeController#index as HTML
  Rendered welcome/index.html.erb within layouts/application (0.5ms)
Completed 200 OK in 50ms (Views: 48.7ms | ActiveRecord: 0.0ms)


Started GET "/invoices" for 127.0.0.1 at 2014-08-20 21:02:37 -0400
Processing by InvoicesController#index as HTML
  [1m[35mInvoice Load (0.3ms)[0m  SELECT "invoices".* FROM "invoices"
  Rendered invoices/index.html.erb within layouts/application (3.0ms)
Completed 200 OK in 15ms (Views: 13.5ms | ActiveRecord: 0.3ms)


Started GET "/" for 127.0.0.1 at 2014-08-20 21:02:38 -0400
Processing by WelcomeController#index as HTML
  Rendered welcome/index.html.erb within layouts/application (0.2ms)
Completed 200 OK in 16ms (Views: 15.5ms | ActiveRecord: 0.0ms)


Started GET "/welcome/pricing" for 127.0.0.1 at 2014-08-20 21:02:39 -0400
Processing by WelcomeController#pricing as HTML
  Rendered welcome/pricing.html.erb within layouts/application (0.6ms)
Completed 200 OK in 14ms (Views: 12.2ms | ActiveRecord: 0.0ms)


Started GET "/welcome/faq" for 127.0.0.1 at 2014-08-20 21:02:40 -0400
Processing by WelcomeController#faq as HTML
  Rendered welcome/faq.html.erb within layouts/application (0.2ms)
Completed 200 OK in 12ms (Views: 11.1ms | ActiveRecord: 0.0ms)


Started GET "/welcome/features" for 127.0.0.1 at 2014-08-20 21:02:40 -0400
Processing by WelcomeController#features as HTML
  Rendered welcome/features.html.erb within layouts/application (0.1ms)
Completed 200 OK in 11ms (Views: 10.7ms | ActiveRecord: 0.0ms)


Started GET "/welcome/contact" for 127.0.0.1 at 2014-08-20 21:02:41 -0400
Processing by WelcomeController#contact as HTML
  Rendered welcome/contact.html.erb within layouts/application (0.1ms)
Completed 200 OK in 11ms (Views: 10.6ms | ActiveRecord: 0.0ms)


Started GET "/welcome/about" for 127.0.0.1 at 2014-08-20 21:02:42 -0400
Processing by WelcomeController#about as HTML
  Rendered welcome/about.html.erb within layouts/application (0.1ms)
Completed 200 OK in 13ms (Views: 11.7ms | ActiveRecord: 0.0ms)


Started GET "/" for 127.0.0.1 at 2014-08-20 21:02:42 -0400
Processing by WelcomeController#index as HTML
  Rendered welcome/index.html.erb within layouts/application (0.1ms)
Completed 200 OK in 12ms (Views: 10.9ms | ActiveRecord: 0.0ms)


Started GET "/" for 127.0.0.1 at 2014-08-20 21:03:59 -0400
Processing by WelcomeController#index as HTML
  Rendered welcome/index.html.erb within layouts/application (0.0ms)
Completed 200 OK in 7ms (Views: 6.4ms | ActiveRecord: 0.0ms)


Started GET "/" for 127.0.0.1 at 2014-08-20 21:07:12 -0400
Processing by WelcomeController#index as HTML
  Rendered welcome/index.html.erb within layouts/application (0.5ms)
Completed 200 OK in 11ms (Views: 9.8ms | ActiveRecord: 0.0ms)


Started GET "/" for 127.0.0.1 at 2014-08-20 21:08:35 -0400
Processing by WelcomeController#index as HTML
  Rendered welcome/index.html.erb within layouts/application (0.1ms)
Completed 200 OK in 266ms (Views: 265.1ms | ActiveRecord: 0.0ms)


Started GET "/welcome/faq" for 127.0.0.1 at 2014-08-20 21:08:41 -0400
Processing by WelcomeController#faq as HTML
  Rendered welcome/faq.html.erb within layouts/application (0.3ms)
Completed 200 OK in 28ms (Views: 26.9ms | ActiveRecord: 0.0ms)
